<?xml version="1.0" encoding="UTF-8"?>
<testng-results ignored="0" total="1" passed="1" failed="0" skipped="0">
  <reporter-output>
  </reporter-output>
  <suite started-at="2023-12-14T22:23:32 IST" name="Default suite" finished-at="2023-12-14T22:24:02 IST" duration-ms="29839">
    <groups>
      <group name="RegressionSuite">
        <method signature="CreateContactWithOrgTest.createNewContactWithOrgTest()[pri:0, instance:contactTests.CreateContactWithOrgTest@131774fe]" name="createNewContactWithOrgTest" class="contactTests.CreateContactWithOrgTest"/>
      </group> <!-- RegressionSuite -->
    </groups>
    <test started-at="2023-12-14T22:23:32 IST" name="Default test" finished-at="2023-12-14T22:24:02 IST" duration-ms="29839">
      <class name="contactTests.CreateContactWithOrgTest">
        <test-method is-config="true" signature="bsConfig()[pri:0, instance:contactTests.CreateContactWithOrgTest@131774fe]" started-at="2023-12-14T22:23:32 IST" name="bsConfig" finished-at="2023-12-14T22:23:32 IST" duration-ms="13" status="PASS">
          <reporter-output>
          </reporter-output>
        </test-method> <!-- bsConfig -->
        <test-method is-config="true" signature="bcConfig()[pri:0, instance:contactTests.CreateContactWithOrgTest@131774fe]" started-at="2023-12-14T22:23:32 IST" name="bcConfig" finished-at="2023-12-14T22:23:39 IST" duration-ms="6784" status="PASS">
          <reporter-output>
          </reporter-output>
        </test-method> <!-- bcConfig -->
        <test-method is-config="true" signature="bmConfig()[pri:0, instance:contactTests.CreateContactWithOrgTest@131774fe]" started-at="2023-12-14T22:23:39 IST" name="bmConfig" finished-at="2023-12-14T22:23:42 IST" duration-ms="2422" status="PASS">
          <reporter-output>
          </reporter-output>
        </test-method> <!-- bmConfig -->
        <test-method signature="createNewContactWithOrgTest()[pri:0, instance:contactTests.CreateContactWithOrgTest@131774fe]" started-at="2023-12-14T22:23:42 IST" name="createNewContactWithOrgTest" finished-at="2023-12-14T22:23:59 IST" duration-ms="17248" status="PASS">
          <reporter-output>
          </reporter-output>
        </test-method> <!-- createNewContactWithOrgTest -->
        <test-method is-config="true" signature="amConfig()[pri:0, instance:contactTests.CreateContactWithOrgTest@131774fe]" started-at="2023-12-14T22:23:59 IST" name="amConfig" finished-at="2023-12-14T22:24:01 IST" duration-ms="2112" status="PASS">
          <reporter-output>
          </reporter-output>
        </test-method> <!-- amConfig -->
        <test-method is-config="true" signature="acConfig()[pri:0, instance:contactTests.CreateContactWithOrgTest@131774fe]" started-at="2023-12-14T22:24:01 IST" name="acConfig" finished-at="2023-12-14T22:24:02 IST" duration-ms="1200" status="PASS">
          <reporter-output>
          </reporter-output>
        </test-method> <!-- acConfig -->
        <test-method is-config="true" signature="asConfig()[pri:0, instance:contactTests.CreateContactWithOrgTest@131774fe]" started-at="2023-12-14T22:24:02 IST" name="asConfig" finished-at="2023-12-14T22:24:02 IST" duration-ms="0" status="PASS">
          <reporter-output>
          </reporter-output>
        </test-method> <!-- asConfig -->
      </class> <!-- contactTests.CreateContactWithOrgTest -->
    </test> <!-- Default test -->
  </suite> <!-- Default suite -->
</testng-results>
